  MakeRobot.cpp
C:\Users\User\Graphics\Graphics_code\그래픽스및실습_과제6_2020136150_배경민\Robot.h(28,23): warning C4305: '인수': 'double'에서 'float'(으)로 잘립니다.
  (소스 파일 'MakeRobot.cpp'을(를) 컴파일하는 중)
  
C:\Users\User\Graphics\Graphics_code\그래픽스및실습_과제6_2020136150_배경민\Robot.h(28,18): warning C4305: '인수': 'double'에서 'float'(으)로 잘립니다.
  (소스 파일 'MakeRobot.cpp'을(를) 컴파일하는 중)
  
C:\Users\User\Graphics\Graphics_code\그래픽스및실습_과제6_2020136150_배경민\Robot.h(28,13): warning C4305: '인수': 'double'에서 'float'(으)로 잘립니다.
  (소스 파일 'MakeRobot.cpp'을(를) 컴파일하는 중)
  
C:\Users\User\Graphics\Graphics_code\그래픽스및실습_과제6_2020136150_배경민\Robot.h(39,28): warning C4305: '인수': 'double'에서 'float'(으)로 잘립니다.
  (소스 파일 'MakeRobot.cpp'을(를) 컴파일하는 중)
  
C:\Users\User\Graphics\Graphics_code\그래픽스및실습_과제6_2020136150_배경민\Robot.h(39,23): warning C4305: '인수': 'double'에서 'float'(으)로 잘립니다.
  (소스 파일 'MakeRobot.cpp'을(를) 컴파일하는 중)
  
C:\Users\User\Graphics\Graphics_code\그래픽스및실습_과제6_2020136150_배경민\Robot.h(39,18): warning C4305: '인수': 'double'에서 'float'(으)로 잘립니다.
  (소스 파일 'MakeRobot.cpp'을(를) 컴파일하는 중)
  
C:\Users\User\Graphics\Graphics_code\그래픽스및실습_과제6_2020136150_배경민\Robot.h(44,30): warning C4305: '인수': 'double'에서 'float'(으)로 잘립니다.
  (소스 파일 'MakeRobot.cpp'을(를) 컴파일하는 중)
  
C:\Users\User\Graphics\Graphics_code\그래픽스및실습_과제6_2020136150_배경민\Robot.h(44,25): warning C4305: '인수': 'double'에서 'float'(으)로 잘립니다.
  (소스 파일 'MakeRobot.cpp'을(를) 컴파일하는 중)
  
C:\Users\User\Graphics\Graphics_code\그래픽스및실습_과제6_2020136150_배경민\Robot.h(44,20): warning C4305: '인수': 'double'에서 'float'(으)로 잘립니다.
  (소스 파일 'MakeRobot.cpp'을(를) 컴파일하는 중)
  
C:\Users\User\Graphics\Graphics_code\그래픽스및실습_과제6_2020136150_배경민\Robot.h(51,27): warning C4305: '인수': 'double'에서 'float'(으)로 잘립니다.
  (소스 파일 'MakeRobot.cpp'을(를) 컴파일하는 중)
  
C:\Users\User\Graphics\Graphics_code\그래픽스및실습_과제6_2020136150_배경민\Robot.h(51,22): warning C4305: '인수': 'double'에서 'float'(으)로 잘립니다.
  (소스 파일 'MakeRobot.cpp'을(를) 컴파일하는 중)
  
C:\Users\User\Graphics\Graphics_code\그래픽스및실습_과제6_2020136150_배경민\Robot.h(51,17): warning C4305: '인수': 'double'에서 'float'(으)로 잘립니다.
  (소스 파일 'MakeRobot.cpp'을(를) 컴파일하는 중)
  
C:\Users\User\Graphics\Graphics_code\그래픽스및실습_과제6_2020136150_배경민\Robot.h(56,30): warning C4305: '인수': 'double'에서 'float'(으)로 잘립니다.
  (소스 파일 'MakeRobot.cpp'을(를) 컴파일하는 중)
  
C:\Users\User\Graphics\Graphics_code\그래픽스및실습_과제6_2020136150_배경민\Robot.h(56,25): warning C4305: '인수': 'double'에서 'float'(으)로 잘립니다.
  (소스 파일 'MakeRobot.cpp'을(를) 컴파일하는 중)
  
C:\Users\User\Graphics\Graphics_code\그래픽스및실습_과제6_2020136150_배경민\Robot.h(56,20): warning C4305: '인수': 'double'에서 'float'(으)로 잘립니다.
  (소스 파일 'MakeRobot.cpp'을(를) 컴파일하는 중)
  
C:\Users\User\Graphics\Graphics_code\그래픽스및실습_과제6_2020136150_배경민\Robot.h(63,28): warning C4305: '인수': 'double'에서 'float'(으)로 잘립니다.
  (소스 파일 'MakeRobot.cpp'을(를) 컴파일하는 중)
  
C:\Users\User\Graphics\Graphics_code\그래픽스및실습_과제6_2020136150_배경민\Robot.h(63,23): warning C4305: '인수': 'double'에서 'float'(으)로 잘립니다.
  (소스 파일 'MakeRobot.cpp'을(를) 컴파일하는 중)
  
C:\Users\User\Graphics\Graphics_code\그래픽스및실습_과제6_2020136150_배경민\Robot.h(63,18): warning C4305: '인수': 'double'에서 'float'(으)로 잘립니다.
  (소스 파일 'MakeRobot.cpp'을(를) 컴파일하는 중)
  
C:\Users\User\Graphics\Graphics_code\그래픽스및실습_과제6_2020136150_배경민\Robot.h(68,30): warning C4305: '인수': 'double'에서 'float'(으)로 잘립니다.
  (소스 파일 'MakeRobot.cpp'을(를) 컴파일하는 중)
  
C:\Users\User\Graphics\Graphics_code\그래픽스및실습_과제6_2020136150_배경민\Robot.h(68,25): warning C4305: '인수': 'double'에서 'float'(으)로 잘립니다.
  (소스 파일 'MakeRobot.cpp'을(를) 컴파일하는 중)
  
C:\Users\User\Graphics\Graphics_code\그래픽스및실습_과제6_2020136150_배경민\Robot.h(68,20): warning C4305: '인수': 'double'에서 'float'(으)로 잘립니다.
  (소스 파일 'MakeRobot.cpp'을(를) 컴파일하는 중)
  
C:\Users\User\Graphics\Graphics_code\그래픽스및실습_과제6_2020136150_배경민\Robot.h(75,27): warning C4305: '인수': 'double'에서 'float'(으)로 잘립니다.
  (소스 파일 'MakeRobot.cpp'을(를) 컴파일하는 중)
  
C:\Users\User\Graphics\Graphics_code\그래픽스및실습_과제6_2020136150_배경민\Robot.h(75,22): warning C4305: '인수': 'double'에서 'float'(으)로 잘립니다.
  (소스 파일 'MakeRobot.cpp'을(를) 컴파일하는 중)
  
C:\Users\User\Graphics\Graphics_code\그래픽스및실습_과제6_2020136150_배경민\Robot.h(75,17): warning C4305: '인수': 'double'에서 'float'(으)로 잘립니다.
  (소스 파일 'MakeRobot.cpp'을(를) 컴파일하는 중)
  
C:\Users\User\Graphics\Graphics_code\그래픽스및실습_과제6_2020136150_배경민\Robot.h(80,29): warning C4305: '인수': 'double'에서 'float'(으)로 잘립니다.
  (소스 파일 'MakeRobot.cpp'을(를) 컴파일하는 중)
  
C:\Users\User\Graphics\Graphics_code\그래픽스및실습_과제6_2020136150_배경민\Robot.h(80,24): warning C4305: '인수': 'double'에서 'float'(으)로 잘립니다.
  (소스 파일 'MakeRobot.cpp'을(를) 컴파일하는 중)
  
C:\Users\User\Graphics\Graphics_code\그래픽스및실습_과제6_2020136150_배경민\Robot.h(80,19): warning C4305: '인수': 'double'에서 'float'(으)로 잘립니다.
  (소스 파일 'MakeRobot.cpp'을(를) 컴파일하는 중)
  
C:\Users\User\Graphics\Graphics_code\그래픽스및실습_과제6_2020136150_배경민\MakeRobot.cpp(11,25): warning C4305: '인수': 'double'에서 'GLclampf'(으)로 잘립니다.
C:\Users\User\Graphics\Graphics_code\그래픽스및실습_과제6_2020136150_배경민\MakeRobot.cpp(11,20): warning C4305: '인수': 'double'에서 'GLclampf'(으)로 잘립니다.
C:\Users\User\Graphics\Graphics_code\그래픽스및실습_과제6_2020136150_배경민\MakeRobot.cpp(11,15): warning C4305: '인수': 'double'에서 'GLclampf'(으)로 잘립니다.
C:\Users\User\Graphics\Graphics_code\그래픽스및실습_과제6_2020136150_배경민\MakeRobot.cpp(68,31): warning C4305: '초기화 중': 'double'에서 'GLfloat'(으)로 잘립니다.
C:\Users\User\Graphics\Graphics_code\그래픽스및실습_과제6_2020136150_배경민\MakeRobot.cpp(68,41): warning C4305: '초기화 중': 'double'에서 'GLfloat'(으)로 잘립니다.
C:\Users\User\Graphics\Graphics_code\그래픽스및실습_과제6_2020136150_배경민\MakeRobot.cpp(69,30): warning C4305: '초기화 중': 'double'에서 'GLfloat'(으)로 잘립니다.
C:\Users\User\Graphics\Graphics_code\그래픽스및실습_과제6_2020136150_배경민\MakeRobot.cpp(69,35): warning C4305: '초기화 중': 'double'에서 'GLfloat'(으)로 잘립니다.
C:\Users\User\Graphics\Graphics_code\그래픽스및실습_과제6_2020136150_배경민\MakeRobot.cpp(69,40): warning C4305: '초기화 중': 'double'에서 'GLfloat'(으)로 잘립니다.
  그래픽스및실습_과제6_2020136150_배경민.vcxproj -> C:\Users\User\Graphics\Graphics_code\그래픽스및실습_과제6_2020136150_배경민\x64\Debug\그래픽스및실습_과제6_2020136150_배경민.exe
